#
# There is insufficient memory for the Java Runtime Environment to continue.
# Native memory allocation (malloc) failed to allocate 1996256 bytes for Chunk::new
# Possible reasons:
#   The system is out of physical RAM or swap space
#   The process is running with CompressedOops enabled, and the Java Heap may be blocking the growth of the native heap
# Possible solutions:
#   Reduce memory load on the system
#   Increase physical memory or swap space
#   Check if swap backing store is full
#   Decrease Java heap size (-Xmx/-Xms)
#   Decrease number of Java threads
#   Decrease Java thread stack sizes (-Xss)
#   Set larger code cache with -XX:ReservedCodeCacheSize=
#   JVM is running with Unscaled Compressed Oops mode in which the Java heap is
#     placed in the first 4GB address space. The Java Heap base address is the
#     maximum limit for the native heap growth. Please use -XX:HeapBaseMinAddress
#     to set the Java Heap base and to place the Java Heap above 4GB virtual address.
# This output file may be truncated or incomplete.
#
#  Out of Memory Error (allocation.cpp:389), pid=10716, tid=0x0000000000004ac0
#
# JRE version: OpenJDK Runtime Environment (8.0_242-b01) (build 1.8.0_242-release-1644-b01)
# Java VM: OpenJDK 64-Bit Server VM (25.242-b01 mixed mode windows-amd64 compressed oops)
# Failed to write core dump. Minidumps are not enabled by default on client versions of Windows
#

---------------  T H R E A D  ---------------

Current thread (0x00000000182a9800):  JavaThread "C2 CompilerThread0" daemon [_thread_in_native, id=19136, stack(0x0000000019c40000,0x0000000019d40000)]

Stack: [0x0000000019c40000,0x0000000019d40000]
[error occurred during error reporting (printing stack bounds), id 0xc0000005]

Native frames: (J=compiled Java code, j=interpreted, Vv=VM code, C=native code)


Current CompileTask:
C2: 347594 22194       4       com.android.tools.r8.ir.regalloc.a::a (3993 bytes)


---------------  P R O C E S S  ---------------

Java Threads: ( => current thread )
  0x000000001fc6e800 JavaThread "WorkerExecutor Queue Thread 5" [_thread_blocked, id=14088, stack(0x000000002c2c0000,0x000000002c3c0000)]
  0x000000001fc66800 JavaThread "Cache worker for Java compile cache (C:\Users\grist\AndroidStudioProjects\virtualKeypad\.gradle\6.1.1\javaCompile)" [_thread_blocked, id=20544, stack(0x000000002bbc0000,0x000000002bcc0000)]
  0x000000001fc6d000 JavaThread "Cache worker for Java compile cache (C:\Users\grist\.gradle\caches\6.1.1\javaCompile)" [_thread_blocked, id=24208, stack(0x000000002b3c0000,0x000000002b4c0000)]
  0x000000001fc6a800 JavaThread "RMI TCP Connection(idle)" daemon [_thread_blocked, id=22428, stack(0x000000002bac0000,0x000000002bbc0000)]
  0x000000001fc69800 JavaThread "RMI Reaper" [_thread_blocked, id=2752, stack(0x000000002b9c0000,0x000000002bac0000)]
  0x000000001fc6d800 JavaThread "RMI TCP Accept-0" daemon [_thread_in_native, id=25456, stack(0x000000002b8c0000,0x000000002b9c0000)]
  0x000000001fc66000 JavaThread "GC Daemon" daemon [_thread_blocked, id=12708, stack(0x000000002b7c0000,0x000000002b8c0000)]
  0x000000001fc6c000 JavaThread "RMI Scheduler(0)" daemon [_thread_blocked, id=11676, stack(0x000000002b150000,0x000000002b250000)]
  0x000000001fc69000 JavaThread "WorkerExecutor Queue" [_thread_blocked, id=17756, stack(0x000000002b2c0000,0x000000002b3c0000)]
  0x000000001ae59800 JavaThread "stdout" [_thread_in_native, id=13004, stack(0x000000002ae50000,0x000000002af50000)]
  0x000000001ae5e000 JavaThread "stderr" [_thread_in_native, id=14956, stack(0x000000002ad50000,0x000000002ae50000)]
  0x000000001ae5d000 JavaThread "stdout" [_thread_in_native, id=20064, stack(0x000000002ac50000,0x000000002ad50000)]
  0x000000001b0d0800 JavaThread "stderr" [_thread_in_native, id=25588, stack(0x000000002ab50000,0x000000002ac50000)]
  0x000000001b0cf000 JavaThread "stdout" [_thread_in_native, id=9540, stack(0x000000002aa50000,0x000000002ab50000)]
  0x000000001b0ce800 JavaThread "stderr" [_thread_in_native, id=12784, stack(0x000000002a950000,0x000000002aa50000)]
  0x000000001b0d1800 JavaThread "pool-7-thread-1" [_thread_blocked, id=8272, stack(0x000000002a850000,0x000000002a950000)]
  0x000000001b0c7000 JavaThread "Cache worker for execution history cache (C:\Users\grist\AndroidStudioProjects\virtualKeypad\.gradle\6.1.1\executionHistory)" [_thread_blocked, id=11560, stack(0x000000002a750000,0x000000002a850000)]
  0x000000001b0cd800 JavaThread "Execution worker for ':' Thread 3" [_thread_in_Java, id=13640, stack(0x000000002a650000,0x000000002a750000)]
  0x000000001b0c5800 JavaThread "Execution worker for ':' Thread 2" [_thread_in_Java, id=10632, stack(0x000000002a550000,0x000000002a650000)]
  0x000000001b0cc000 JavaThread "Execution worker for ':'" [_thread_in_native, id=23168, stack(0x000000002a450000,0x000000002a550000)]
  0x000000001b0c4800 JavaThread "Cache worker for file content cache (C:\Users\grist\AndroidStudioProjects\virtualKeypad\.gradle\6.1.1\fileContent)" [_thread_blocked, id=24420, stack(0x000000002a350000,0x000000002a450000)]
  0x00000000261b1800 JavaThread "Cache worker for file content cache (C:\Users\grist\.gradle\caches\6.1.1\fileContent)" [_thread_blocked, id=13708, stack(0x000000002a250000,0x000000002a350000)]
  0x00000000261b5800 JavaThread "Memory manager" [_thread_blocked, id=1512, stack(0x000000002a150000,0x000000002a250000)]
  0x00000000261b1000 JavaThread "Cache worker for Build Output Cleanup Cache (C:\Users\grist\AndroidStudioProjects\virtualKeypad\.gradle\buildOutputCleanup)" [_thread_blocked, id=23004, stack(0x000000002a050000,0x000000002a150000)]
  0x00000000261b4000 JavaThread "pool-3-thread-1" [_thread_blocked, id=21532, stack(0x0000000029f50000,0x000000002a050000)]
  0x00000000261b3000 JavaThread "Build operations Thread 4" [_thread_blocked, id=16648, stack(0x0000000026e60000,0x0000000026f60000)]
  0x00000000261b2800 JavaThread "Build operations Thread 3" [_thread_blocked, id=19660, stack(0x0000000025990000,0x0000000025a90000)]
  0x00000000261b0000 JavaThread "Build operations Thread 2" [_thread_blocked, id=3648, stack(0x0000000025660000,0x0000000025760000)]
  0x00000000261b4800 JavaThread "Build operations" [_thread_blocked, id=1660, stack(0x0000000023a60000,0x0000000023b60000)]
  0x00000000261a8800 JavaThread "Cache worker for cache directory md-rule (C:\Users\grist\.gradle\caches\6.1.1\md-rule)" [_thread_blocked, id=8640, stack(0x00000000228f0000,0x00000000229f0000)]
  0x00000000261af800 JavaThread "Cache worker for cache directory md-supplier (C:\Users\grist\.gradle\caches\6.1.1\md-supplier)" [_thread_blocked, id=25572, stack(0x00000000225f0000,0x00000000226f0000)]
  0x00000000261a8000 JavaThread "Cache worker for file hash cache (C:\Users\grist\AndroidStudioProjects\virtualKeypad\.gradle\6.1.1\fileHashes)" [_thread_blocked, id=22176, stack(0x00000000213f0000,0x00000000214f0000)]
  0x00000000261ac800 JavaThread "Cache worker for checksums cache (C:\Users\grist\AndroidStudioProjects\virtualKeypad\.gradle\checksums)" [_thread_blocked, id=6160, stack(0x00000000212f0000,0x00000000213f0000)]
  0x00000000261ab000 JavaThread "Thread-32" [_thread_blocked, id=7336, stack(0x000000001d720000,0x000000001d820000)]
  0x00000000261ad000 JavaThread "Asynchronous log dispatcher for DefaultDaemonConnection: socket connection from /127.0.0.1:53398 to /127.0.0.1:53463" [_thread_blocked, id=4488, stack(0x000000001d520000,0x000000001d620000)]
  0x00000000261ae000 JavaThread "Daemon worker Thread 2" [_thread_in_Java, id=14240, stack(0x000000001d420000,0x000000001d520000)]
  0x00000000261a7000 JavaThread "Cancel handler" [_thread_blocked, id=7708, stack(0x000000001d320000,0x000000001d420000)]
  0x00000000261a9800 JavaThread "Handler for socket connection from /127.0.0.1:53398 to /127.0.0.1:53463" [_thread_in_native, id=24912, stack(0x000000001d220000,0x000000001d320000)]
  0x00000000261ab800 JavaThread "Daemon Thread 2" [_thread_blocked, id=12116, stack(0x000000001cf20000,0x000000001d020000)]
  0x000000001ae57000 JavaThread "Cache worker for execution history cache (C:\Users\grist\.gradle\caches\6.1.1\executionHistory)" [_thread_blocked, id=23336, stack(0x00000000216f0000,0x00000000217f0000)]
  0x000000001ae5b800 JavaThread "Cache worker for file hash cache (C:\Users\grist\.gradle\caches\6.1.1\fileHashes)" [_thread_blocked, id=5548, stack(0x000000001dc20000,0x000000001dd20000)]
  0x000000001ae58000 JavaThread "File lock request listener" [_thread_in_native, id=23608, stack(0x000000001db20000,0x000000001dc20000)]
  0x000000001b06a000 JavaThread "Cache worker for journal cache (C:\Users\grist\.gradle\caches\journal-1)" [_thread_blocked, id=17088, stack(0x000000001da20000,0x000000001db20000)]
  0x000000001bd0f000 JavaThread "Daemon periodic checks" [_thread_blocked, id=9288, stack(0x000000001ce20000,0x000000001cf20000)]
  0x000000001bca8000 JavaThread "Incoming local TCP Connector on port 53398" [_thread_in_native, id=4396, stack(0x000000001cc40000,0x000000001cd40000)]
  0x0000000019a1b800 JavaThread "Daemon health stats" [_thread_blocked, id=1804, stack(0x000000001cb40000,0x000000001cc40000)]
  0x00000000196ba800 JavaThread "Service Thread" daemon [_thread_blocked, id=24876, stack(0x0000000019f40000,0x000000001a040000)]
  0x00000000182ae000 JavaThread "C1 CompilerThread2" daemon [_thread_blocked, id=20500, stack(0x0000000019e40000,0x0000000019f40000)]
  0x000000001825f800 JavaThread "C2 CompilerThread1" daemon [_thread_in_native, id=27680, stack(0x0000000019d40000,0x0000000019e40000)]
=>0x00000000182a9800 JavaThread "C2 CompilerThread0" daemon [_thread_in_native, id=19136, stack(0x0000000019c40000,0x0000000019d40000)]
  0x00000000182a8800 JavaThread "Attach Listener" daemon [_thread_blocked, id=15592, stack(0x0000000019b40000,0x0000000019c40000)]
  0x0000000018247800 JavaThread "Signal Dispatcher" daemon [_thread_blocked, id=21080, stack(0x0000000019a40000,0x0000000019b40000)]
  0x0000000018239000 JavaThread "Finalizer" daemon [_thread_blocked, id=28140, stack(0x00000000194b0000,0x00000000195b0000)]
  0x0000000003622000 JavaThread "Reference Handler" daemon [_thread_blocked, id=21688, stack(0x00000000193b0000,0x00000000194b0000)]
  0x00000000030ce800 JavaThread "main" [_thread_blocked, id=20876, stack(0x0000000003430000,0x0000000003530000)]

Other Threads:
  0x0000000018215800 VMThread [stack: 0x00000000192b0000,0x00000000193b0000] [id=11116]
  0x00000000196e3800 WatcherThread [stack: 0x000000001a040000,0x000000001a140000] [id=27792]

VM state:synchronizing (normal execution)

VM Mutex/Monitor currently owned by a thread:  ([mutex/lock_event])
[0x00000000030cd9b0] Safepoint_lock - owner thread: 0x0000000018215800
[0x00000000030cd5b0] Threads_lock - owner thread: 0x0000000018215800

heap address: 0x0000000080000000, size: 2048 MB, Compressed Oops mode: 32-bit
Narrow klass base: 0x0000000000000000, Narrow klass shift: 3
Compressed class space size: 1073741824 Address: 0x0000000100000000

Heap:
 PSYoungGen      total 642560K, used 506136K [0x00000000d5580000, 0x0000000100000000, 0x0000000100000000)
  eden space 590336K, 84% used [0x00000000d5580000,0x00000000f3c7ebe8,0x00000000f9600000)
  from space 52224K, 14% used [0x00000000f9600000,0x00000000f9d47558,0x00000000fc900000)
  to   space 51200K, 0% used [0x00000000fce00000,0x00000000fce00000,0x0000000100000000)
 ParOldGen       total 192512K, used 110298K [0x0000000080000000, 0x000000008bc00000, 0x00000000d5580000)
  object space 192512K, 57% used [0x0000000080000000,0x0000000086bb6890,0x000000008bc00000)
 Metaspace       used 114582K, capacity 120108K, committed 120216K, reserved 1153024K
  class space    used 14707K, capacity 15782K, committed 15792K, reserved 1048576K

Card table byte_map: [0x00000000129f0000,0x0000000012e00000] byte_map_base: 0x00000000125f0000

Marking Bits: (ParMarkBitMap*) 0x000000006cdaf030
 Begin Bits: [0x00000000134b0000, 0x00000000154b0000)
 End Bits:   [0x00000000154b0000, 0x00000000174b0000)

Polling page: 0x00000000017a0000

CodeCache: size=245760Kb used=66066Kb max_used=66701Kb free=179693Kb
 bounds [0x0000000003630000, 0x0000000007910000, 0x0000000012630000]
 total_blobs=19235 nmethods=18260 adapters=884
 compilation: enabled

Compilation events (10 events):
Event: 347.512 Thread 0x00000000182ae000 23018       2       java.util.stream.SortedOps$SizedRefSortingSink::end (129 bytes)
Event: 347.513 Thread 0x00000000182ae000 nmethod 23018 0x00000000046d3f10 code [0x00000000046d40e0, 0x00000000046d44b8]
Event: 347.513 Thread 0x00000000182ae000 23019       3       java.util.IdentityHashMap$KeySpliterator::forEachRemaining (112 bytes)
Event: 347.514 Thread 0x00000000182ae000 nmethod 23019 0x000000000728c7d0 code [0x000000000728c9a0, 0x000000000728d158]
Event: 347.519 Thread 0x00000000182ae000 23020       1       com.android.tools.r8.code.r2::m (4 bytes)
Event: 347.519 Thread 0x00000000182ae000 nmethod 23020 0x0000000006238850 code [0x00000000062389a0, 0x0000000006238ab0]
Event: 347.530 Thread 0x00000000182ae000 23021       2       com.android.tools.r8.code.V::<init> (7 bytes)
Event: 347.531 Thread 0x00000000182ae000 nmethod 23021 0x0000000006d032d0 code [0x0000000006d03440, 0x0000000006d035a8]
Event: 347.561 Thread 0x00000000182ae000 23022       1       java.util.WeakHashMap$Entry::getValue (5 bytes)
Event: 347.561 Thread 0x00000000182ae000 nmethod 23022 0x00000000046d3c50 code [0x00000000046d3da0, 0x00000000046d3eb0]

GC Heap History (10 events):
Event: 310.718 GC heap before
{Heap before GC invocations=31 (full 4):
 PSYoungGen      total 543232K, used 490496K [0x00000000d5580000, 0x00000000faf80000, 0x0000000100000000)
  eden space 490496K, 100% used [0x00000000d5580000,0x00000000f3480000,0x00000000f3480000)
  from space 52736K, 0% used [0x00000000f6580000,0x00000000f6580000,0x00000000f9900000)
  to   space 50176K, 0% used [0x00000000f3480000,0x00000000f3480000,0x00000000f6580000)
 ParOldGen       total 192512K, used 63604K [0x0000000080000000, 0x000000008bc00000, 0x00000000d5580000)
  object space 192512K, 33% used [0x0000000080000000,0x0000000083e1d080,0x000000008bc00000)
 Metaspace       used 99005K, capacity 103474K, committed 103704K, reserved 1138688K
  class space    used 12690K, capacity 13565K, committed 13616K, reserved 1048576K
Event: 310.753 GC heap after
Heap after GC invocations=31 (full 4):
 PSYoungGen      total 540672K, used 8026K [0x00000000d5580000, 0x00000000fe300000, 0x0000000100000000)
  eden space 490496K, 0% used [0x00000000d5580000,0x00000000d5580000,0x00000000f3480000)
  from space 50176K, 15% used [0x00000000f3480000,0x00000000f3c56ac0,0x00000000f6580000)
  to   space 49152K, 0% used [0x00000000fb300000,0x00000000fb300000,0x00000000fe300000)
 ParOldGen       total 192512K, used 63612K [0x0000000080000000, 0x000000008bc00000, 0x00000000d5580000)
  object space 192512K, 33% used [0x0000000080000000,0x0000000083e1f080,0x000000008bc00000)
 Metaspace       used 99005K, capacity 103474K, committed 103704K, reserved 1138688K
  class space    used 12690K, capacity 13565K, committed 13616K, reserved 1048576K
}
Event: 327.077 GC heap before
{Heap before GC invocations=32 (full 4):
 PSYoungGen      total 540672K, used 498522K [0x00000000d5580000, 0x00000000fe300000, 0x0000000100000000)
  eden space 490496K, 100% used [0x00000000d5580000,0x00000000f3480000,0x00000000f3480000)
  from space 50176K, 15% used [0x00000000f3480000,0x00000000f3c56ac0,0x00000000f6580000)
  to   space 49152K, 0% used [0x00000000fb300000,0x00000000fb300000,0x00000000fe300000)
 ParOldGen       total 192512K, used 63612K [0x0000000080000000, 0x000000008bc00000, 0x00000000d5580000)
  object space 192512K, 33% used [0x0000000080000000,0x0000000083e1f080,0x000000008bc00000)
 Metaspace       used 112647K, capacity 117874K, committed 118040K, reserved 1150976K
  class space    used 14566K, capacity 15625K, committed 15664K, reserved 1048576K
Event: 327.219 GC heap after
Heap after GC invocations=32 (full 4):
 PSYoungGen      total 613376K, used 44110K [0x00000000d5580000, 0x00000000ff000000, 0x0000000100000000)
  eden space 564224K, 0% used [0x00000000d5580000,0x00000000d5580000,0x00000000f7c80000)
  from space 49152K, 89% used [0x00000000fb300000,0x00000000fde13ab0,0x00000000fe300000)
  to   space 55808K, 0% used [0x00000000f7c80000,0x00000000f7c80000,0x00000000fb300000)
 ParOldGen       total 192512K, used 67784K [0x0000000080000000, 0x000000008bc00000, 0x00000000d5580000)
  object space 192512K, 35% used [0x0000000080000000,0x00000000842321c8,0x000000008bc00000)
 Metaspace       used 112647K, capacity 117874K, committed 118040K, reserved 1150976K
  class space    used 14566K, capacity 15625K, committed 15664K, reserved 1048576K
}
Event: 336.775 GC heap before
{Heap before GC invocations=33 (full 4):
 PSYoungGen      total 613376K, used 608334K [0x00000000d5580000, 0x00000000ff000000, 0x0000000100000000)
  eden space 564224K, 100% used [0x00000000d5580000,0x00000000f7c80000,0x00000000f7c80000)
  from space 49152K, 89% used [0x00000000fb300000,0x00000000fde13ab0,0x00000000fe300000)
  to   space 55808K, 0% used [0x00000000f7c80000,0x00000000f7c80000,0x00000000fb300000)
 ParOldGen       total 192512K, used 67784K [0x0000000080000000, 0x000000008bc00000, 0x00000000d5580000)
  object space 192512K, 35% used [0x0000000080000000,0x00000000842321c8,0x000000008bc00000)
 Metaspace       used 114190K, capacity 119566K, committed 119704K, reserved 1153024K
  class space    used 14696K, capacity 15771K, committed 15792K, reserved 1048576K
Event: 336.989 GC heap after
Heap after GC invocations=33 (full 4):
 PSYoungGen      total 620032K, used 19065K [0x00000000d5580000, 0x0000000100000000, 0x0000000100000000)
  eden space 564224K, 0% used [0x00000000d5580000,0x00000000d5580000,0x00000000f7c80000)
  from space 55808K, 34% used [0x00000000f7c80000,0x00000000f8f1e790,0x00000000fb300000)
  to   space 52736K, 0% used [0x00000000fcc80000,0x00000000fcc80000,0x0000000100000000)
 ParOldGen       total 192512K, used 93362K [0x0000000080000000, 0x000000008bc00000, 0x00000000d5580000)
  object space 192512K, 48% used [0x0000000080000000,0x0000000085b2c980,0x000000008bc00000)
 Metaspace       used 114190K, capacity 119566K, committed 119704K, reserved 1153024K
  class space    used 14696K, capacity 15771K, committed 15792K, reserved 1048576K
}
Event: 341.632 GC heap before
{Heap before GC invocations=34 (full 4):
 PSYoungGen      total 620032K, used 583289K [0x00000000d5580000, 0x0000000100000000, 0x0000000100000000)
  eden space 564224K, 100% used [0x00000000d5580000,0x00000000f7c80000,0x00000000f7c80000)
  from space 55808K, 34% used [0x00000000f7c80000,0x00000000f8f1e790,0x00000000fb300000)
  to   space 52736K, 0% used [0x00000000fcc80000,0x00000000fcc80000,0x0000000100000000)
 ParOldGen       total 192512K, used 93362K [0x0000000080000000, 0x000000008bc00000, 0x00000000d5580000)
  object space 192512K, 48% used [0x0000000080000000,0x0000000085b2c980,0x000000008bc00000)
 Metaspace       used 114346K, capacity 119748K, committed 119960K, reserved 1153024K
  class space    used 14706K, capacity 15780K, committed 15792K, reserved 1048576K
Event: 341.703 GC heap after
Heap after GC invocations=34 (full 4):
 PSYoungGen      total 638976K, used 4356K [0x00000000d5580000, 0x00000000ffc00000, 0x0000000100000000)
  eden space 590336K, 0% used [0x00000000d5580000,0x00000000d5580000,0x00000000f9600000)
  from space 48640K, 8% used [0x00000000fcc80000,0x00000000fd0c1030,0x00000000ffc00000)
  to   space 52224K, 0% used [0x00000000f9600000,0x00000000f9600000,0x00000000fc900000)
 ParOldGen       total 192512K, used 107127K [0x0000000080000000, 0x000000008bc00000, 0x00000000d5580000)
  object space 192512K, 55% used [0x0000000080000000,0x000000008689dc20,0x000000008bc00000)
 Metaspace       used 114346K, capacity 119748K, committed 119960K, reserved 1153024K
  class space    used 14706K, capacity 15780K, committed 15792K, reserved 1048576K
}
Event: 344.591 GC heap before
{Heap before GC invocations=35 (full 4):
 PSYoungGen      total 638976K, used 594692K [0x00000000d5580000, 0x00000000ffc00000, 0x0000000100000000)
  eden space 590336K, 100% used [0x00000000d5580000,0x00000000f9600000,0x00000000f9600000)
  from space 48640K, 8% used [0x00000000fcc80000,0x00000000fd0c1030,0x00000000ffc00000)
  to   space 52224K, 0% used [0x00000000f9600000,0x00000000f9600000,0x00000000fc900000)
 ParOldGen       total 192512K, used 107127K [0x0000000080000000, 0x000000008bc00000, 0x00000000d5580000)
  object space 192512K, 55% used [0x0000000080000000,0x000000008689dc20,0x000000008bc00000)
 Metaspace       used 114425K, capacity 119824K, committed 119960K, reserved 1153024K
  class space    used 14706K, capacity 15780K, committed 15792K, reserved 1048576K
Event: 344.626 GC heap after
Heap after GC invocations=35 (full 4):
 PSYoungGen      total 642560K, used 7453K [0x00000000d5580000, 0x0000000100000000, 0x0000000100000000)
  eden space 590336K, 0% used [0x00000000d5580000,0x00000000d5580000,0x00000000f9600000)
  from space 52224K, 14% used [0x00000000f9600000,0x00000000f9d47558,0x00000000fc900000)
  to   space 51200K, 0% used [0x00000000fce00000,0x00000000fce00000,0x0000000100000000)
 ParOldGen       total 192512K, used 110298K [0x0000000080000000, 0x000000008bc00000, 0x00000000d5580000)
  object space 192512K, 57% used [0x0000000080000000,0x0000000086bb6890,0x000000008bc00000)
 Metaspace       used 114425K, capacity 119824K, committed 119960K, reserved 1153024K
  class space    used 14706K, capacity 15780K, committed 15792K, reserved 1048576K
}

Deoptimization events (10 events):
Event: 341.463 Thread 0x000000001b0cd800 Uncommon trap: reason=unstable_if action=reinterpret pc=0x0000000006f0c5bc method=com.android.tools.r8.u.b.S0.equals(Ljava/lang/Object;)Z @ 60
Event: 341.840 Thread 0x000000001b0cc000 Uncommon trap: reason=unstable_if action=reinterpret pc=0x00000000076b8cc0 method=com.android.tools.r8.ir.regalloc.a.a(Lcom/android/tools/r8/ir/regalloc/a$a;Z)Lcom/android/tools/r8/ir/regalloc/a$a; @ 2082
Event: 342.081 Thread 0x000000001b0cc000 Uncommon trap: reason=class_check action=maybe_recompile pc=0x0000000004fbfc24 method=com.android.tools.r8.u.a.i.e.b(Lcom/android/tools/r8/u/b/h0;)V @ 379
Event: 343.170 Thread 0x000000001b0cc000 Uncommon trap: reason=bimorphic action=maybe_recompile pc=0x000000000465fc68 method=java.util.HashMap.removeNode(ILjava/lang/Object;Ljava/lang/Object;ZZ)Ljava/util/HashMap$Node; @ 143
Event: 343.894 Thread 0x000000001b0c5800 Uncommon trap: reason=predicate action=maybe_recompile pc=0x0000000006ce76c8 method=com.android.tools.r8.B.a.a.f.a(Lcom/android/tools/r8/B/a/a/h;[Lcom/android/tools/r8/B/a/a/d;I)V @ 3277
Event: 344.429 Thread 0x000000001b0c5800 Uncommon trap: reason=unstable_if action=reinterpret pc=0x0000000006c75b4c method=com.android.tools.r8.u.b.m1.a(Lcom/android/tools/r8/graph/f;Lcom/android/tools/r8/u/b/W;Ljava/util/function/Predicate;Ljava/util/Set;)Z @ 173
Event: 344.814 Thread 0x00000000261ae000 Uncommon trap: reason=unstable_if action=reinterpret pc=0x0000000003bd9af4 method=java.lang.Long.numberOfTrailingZeros(J)I @ 3
Event: 344.946 Thread 0x000000001b0cc000 Uncommon trap: reason=unstable_if action=reinterpret pc=0x0000000005907ae0 method=com.android.tools.r8.dex.m.c(I)V @ 8
Event: 345.319 Thread 0x000000001b0c5800 Uncommon trap: reason=predicate action=maybe_recompile pc=0x0000000006f51450 method=com.android.tools.r8.ir.optimize.Z.a(Lcom/android/tools/r8/u/b/W;Lcom/android/tools/r8/ir/regalloc/e;I)V @ 330
Event: 346.058 Thread 0x000000001b0cd800 Uncommon trap: reason=unstable_if action=reinterpret pc=0x0000000006b99420 method=com.android.tools.r8.ir.conversion.o.a(ILcom/android/tools/r8/ir/conversion/N;)I @ 148

Classes redefined (0 events):
No events

Internal exceptions (10 events):
Event: 345.805 Thread 0x00000000261ae000 Exception <a 'sun/nio/fs/WindowsException'> (0x00000000e0a64d58) thrown at [C:\src\AOSP-openjdk-git\hotspot\src\share\vm\prims\jni.cpp, line 710]
Event: 346.015 Thread 0x000000001b0cc000 Exception <a 'sun/nio/fs/WindowsException'> (0x00000000e2a9a068) thrown at [C:\src\AOSP-openjdk-git\hotspot\src\share\vm\prims\jni.cpp, line 710]
Event: 346.133 Thread 0x000000001b0cc000 Exception <a 'sun/nio/fs/WindowsException'> (0x00000000e2ac3680) thrown at [C:\src\AOSP-openjdk-git\hotspot\src\share\vm\prims\jni.cpp, line 710]
Event: 346.155 Thread 0x000000001b0cc000 Exception <a 'sun/nio/fs/WindowsException'> (0x00000000e4d4b348) thrown at [C:\src\AOSP-openjdk-git\hotspot\src\share\vm\prims\jni.cpp, line 710]
Event: 346.607 Thread 0x00000000261ae000 Exception <a 'sun/nio/fs/WindowsException'> (0x00000000ea0a0418) thrown at [C:\src\AOSP-openjdk-git\hotspot\src\share\vm\prims\jni.cpp, line 710]
Event: 346.738 Thread 0x00000000261ae000 Exception <a 'sun/nio/fs/WindowsException'> (0x00000000ea0ca5e0) thrown at [C:\src\AOSP-openjdk-git\hotspot\src\share\vm\prims\jni.cpp, line 710]
Event: 346.763 Thread 0x00000000261ae000 Exception <a 'sun/nio/fs/WindowsException'> (0x00000000eba15f88) thrown at [C:\src\AOSP-openjdk-git\hotspot\src\share\vm\prims\jni.cpp, line 710]
Event: 346.858 Thread 0x000000001b0cc000 Exception <a 'sun/nio/fs/WindowsException'> (0x00000000ebd49080) thrown at [C:\src\AOSP-openjdk-git\hotspot\src\share\vm\prims\jni.cpp, line 710]
Event: 346.873 Thread 0x000000001b0cc000 Exception <a 'sun/nio/fs/WindowsException'> (0x00000000ebd72ef0) thrown at [C:\src\AOSP-openjdk-git\hotspot\src\share\vm\prims\jni.cpp, line 710]
Event: 347.557 Thread 0x00000000261ae000 Exception <a 'sun/nio/fs/WindowsException'> (0x00000000f2e32b48) thrown at [C:\src\AOSP-openjdk-git\hotspot\src\share\vm\prims\jni.cpp, line 710]

Events (10 events):
Event: 347.404 Thread 0x000000001b0c5800 DEOPT PACKING pc=0x00000000070b65c6 sp=0x000000002a64a2b0
Event: 347.404 Thread 0x000000001b0c5800 DEOPT UNPACKING pc=0x00000000036775d0 sp=0x000000002a64a170 mode 0
Event: 347.431 Thread 0x00000000261ae000 DEOPT PACKING pc=0x0000000006ef1c1c sp=0x000000001d518140
Event: 347.431 Thread 0x00000000261ae000 DEOPT UNPACKING pc=0x00000000036775d0 sp=0x000000001d518270 mode 0
Event: 347.514 Thread 0x000000001b0c5800 DEOPT PACKING pc=0x0000000006ef2154 sp=0x000000002a64a9d0
Event: 347.514 Thread 0x000000001b0c5800 DEOPT UNPACKING pc=0x00000000036775d0 sp=0x000000002a64ab08 mode 0
Event: 347.536 Thread 0x000000001b0cd800 DEOPT PACKING pc=0x00000000070b65c6 sp=0x000000002a749940
Event: 347.536 Thread 0x000000001b0cd800 DEOPT UNPACKING pc=0x00000000036775d0 sp=0x000000002a749800 mode 0
Event: 347.543 Thread 0x000000001b0c5800 DEOPT PACKING pc=0x0000000006ef2154 sp=0x000000002a64a9d0
Event: 347.543 Thread 0x000000001b0c5800 DEOPT UNPACKING pc=0x00000000036775d0 sp=0x000000002a64ab08 mode 0


Dynamic libraries:
0x00007ff723f30000 - 0x00007ff723f61000 	C:\Program Files\Android\Android Studio\jre\bin\java.exe
0x00007ffd1a230000 - 0x00007ffd1a425000 	C:\WINDOWS\SYSTEM32\ntdll.dll
0x00007ffd189f0000 - 0x00007ffd18aad000 	C:\WINDOWS\System32\KERNEL32.DLL
0x00007ffd17970000 - 0x00007ffd17c39000 	C:\WINDOWS\System32\KERNELBASE.dll
0x00007ffd1a010000 - 0x00007ffd1a0bc000 	C:\WINDOWS\System32\ADVAPI32.dll
0x00007ffd18d20000 - 0x00007ffd18dbe000 	C:\WINDOWS\System32\msvcrt.dll
0x00007ffd18fe0000 - 0x00007ffd1907c000 	C:\WINDOWS\System32\sechost.dll
0x00007ffd18ab0000 - 0x00007ffd18bdb000 	C:\WINDOWS\System32\RPCRT4.dll
0x00007ffd19740000 - 0x00007ffd198e0000 	C:\WINDOWS\System32\USER32.dll
0x00007ffd17dc0000 - 0x00007ffd17de2000 	C:\WINDOWS\System32\win32u.dll
0x00007ffd18c90000 - 0x00007ffd18cba000 	C:\WINDOWS\System32\GDI32.dll
0x00007ffd18130000 - 0x00007ffd1823b000 	C:\WINDOWS\System32\gdi32full.dll
0x00007ffd17c40000 - 0x00007ffd17cdd000 	C:\WINDOWS\System32\msvcp_win.dll
0x00007ffd17df0000 - 0x00007ffd17ef0000 	C:\WINDOWS\System32\ucrtbase.dll
0x00007ffd05ed0000 - 0x00007ffd0616a000 	C:\WINDOWS\WinSxS\amd64_microsoft.windows.common-controls_6595b64144ccf1df_6.0.19041.844_none_ca00b6081b84eb1d\COMCTL32.dll
0x00007ffd19e60000 - 0x00007ffd19e90000 	C:\WINDOWS\System32\IMM32.DLL
0x000000006d610000 - 0x000000006d6e2000 	C:\Program Files\Android\Android Studio\jre\jre\bin\msvcr100.dll
0x000000006c5e0000 - 0x000000006ce2b000 	C:\Program Files\Android\Android Studio\jre\jre\bin\server\jvm.dll
0x00007ffd18290000 - 0x00007ffd18298000 	C:\WINDOWS\System32\PSAPI.DLL
0x00007ffd02d10000 - 0x00007ffd02d37000 	C:\WINDOWS\SYSTEM32\WINMM.dll
0x00007ffd0e390000 - 0x00007ffd0e39a000 	C:\WINDOWS\SYSTEM32\VERSION.dll
0x00007ffd03060000 - 0x00007ffd03069000 	C:\WINDOWS\SYSTEM32\WSOCK32.dll
0x00007ffd19080000 - 0x00007ffd190eb000 	C:\WINDOWS\System32\WS2_32.dll
0x00007ffd12fe0000 - 0x00007ffd12fef000 	C:\Program Files\Android\Android Studio\jre\jre\bin\verify.dll
0x00007ffd028a0000 - 0x00007ffd028c9000 	C:\Program Files\Android\Android Studio\jre\jre\bin\java.dll
0x00007ffd11b90000 - 0x00007ffd11ba6000 	C:\Program Files\Android\Android Studio\jre\jre\bin\zip.dll
0x00007ffd182a0000 - 0x00007ffd189e2000 	C:\WINDOWS\System32\SHELL32.dll
0x00007ffd157c0000 - 0x00007ffd15f50000 	C:\WINDOWS\SYSTEM32\windows.storage.dll
0x00007ffd19990000 - 0x00007ffd19ce5000 	C:\WINDOWS\System32\combase.dll
0x00007ffd173e0000 - 0x00007ffd1740c000 	C:\WINDOWS\SYSTEM32\Wldp.dll
0x00007ffd198e0000 - 0x00007ffd1998e000 	C:\WINDOWS\System32\SHCORE.dll
0x00007ffd18f70000 - 0x00007ffd18fc5000 	C:\WINDOWS\System32\shlwapi.dll
0x00007ffd178b0000 - 0x00007ffd178cf000 	C:\WINDOWS\SYSTEM32\profapi.dll
0x00007ffd11640000 - 0x00007ffd1165a000 	C:\Program Files\Android\Android Studio\jre\jre\bin\net.dll
0x00007ffd17160000 - 0x00007ffd171ca000 	C:\WINDOWS\system32\mswsock.dll
0x00007ffd10cc0000 - 0x00007ffd10cd3000 	C:\Program Files\Android\Android Studio\jre\jre\bin\nio.dll
0x00007ffcf30f0000 - 0x00007ffcf3116000 	C:\Users\grist\.gradle\native\31\windows-amd64\native-platform.dll
0x00007ffd12f60000 - 0x00007ffd12f6d000 	C:\Program Files\Android\Android Studio\jre\jre\bin\management.dll
0x00007ffd17330000 - 0x00007ffd17348000 	C:\WINDOWS\SYSTEM32\CRYPTSP.dll
0x00007ffd16a90000 - 0x00007ffd16ac4000 	C:\WINDOWS\system32\rsaenh.dll
0x00007ffd18100000 - 0x00007ffd18127000 	C:\WINDOWS\System32\bcrypt.dll
0x00007ffd17830000 - 0x00007ffd1785e000 	C:\WINDOWS\SYSTEM32\USERENV.dll
0x00007ffd17d40000 - 0x00007ffd17dc0000 	C:\WINDOWS\System32\bcryptprimitives.dll
0x00007ffd17350000 - 0x00007ffd1735c000 	C:\WINDOWS\SYSTEM32\CRYPTBASE.dll
0x00007ffd16e00000 - 0x00007ffd16e3b000 	C:\WINDOWS\SYSTEM32\IPHLPAPI.DLL
0x00007ffd19cf0000 - 0x00007ffd19cf8000 	C:\WINDOWS\System32\NSI.dll
0x00007ffd0e3a0000 - 0x00007ffd0e3b7000 	C:\WINDOWS\SYSTEM32\dhcpcsvc6.DLL
0x00007ffd0e750000 - 0x00007ffd0e76d000 	C:\WINDOWS\SYSTEM32\dhcpcsvc.DLL
0x00007ffd16e50000 - 0x00007ffd16f1b000 	C:\WINDOWS\SYSTEM32\DNSAPI.dll
0x00007ffd01ff0000 - 0x00007ffd02014000 	C:\Program Files\Android\Android Studio\jre\jre\bin\sunec.dll
0x00007ffd05ec0000 - 0x00007ffd05eca000 	C:\Windows\System32\rasadhlp.dll
0x00007ffd06270000 - 0x00007ffd062ef000 	C:\WINDOWS\System32\fwpuclnt.dll
0x00007ffd07670000 - 0x00007ffd0767b000 	C:\Program Files\Android\Android Studio\jre\jre\bin\sunmscapi.dll
0x00007ffd17fa0000 - 0x00007ffd180ff000 	C:\WINDOWS\System32\CRYPT32.dll
0x00007ffd166c0000 - 0x00007ffd166f3000 	C:\WINDOWS\SYSTEM32\ntmarta.dll
0x00007ffd148e0000 - 0x00007ffd14970000 	C:\WINDOWS\system32\apphelp.dll
0x00007ffd10ca0000 - 0x00007ffd10cbe000 	C:\Users\grist\AppData\Local\Temp\native-platform4823239465678565462dir\native-platform.dll

VM Arguments:
jvm_args: -Xmx2048m -Dfile.encoding=x-windows-949 -Duser.country=KR -Duser.language=ko -Duser.variant 
java_command: org.gradle.launcher.daemon.bootstrap.GradleDaemon 6.1.1
java_class_path (initial): C:\Users\grist\.gradle\wrapper\dists\gradle-6.1.1-all\cfmwm155h49vnt3hynmlrsdst\gradle-6.1.1\lib\gradle-launcher-6.1.1.jar
Launcher Type: SUN_STANDARD

Environment Variables:
JAVA_HOME=C:\Program Files\Java\jdk1.8.0_281
PATH=C:\Program Files (x86)\Common Files\Oracle\Java\javapath;C:\Program Files (x86)\Intel\iCLS Client\;C:\Program Files\Intel\iCLS Client\;C:\WINDOWS\system32;C:\WINDOWS;C:\WINDOWS\System32\Wbem;C:\WINDOWS\System32\WindowsPowerShell\v1.0\;C:\Program Files (x86)\Intel\Intel(R) Management Engine Components\DAL;C:\Program Files\Intel\Intel(R) Management Engine Components\DAL;C:\Program Files (x86)\Intel\Intel(R) Management Engine Components\IPT;C:\Program Files\Intel\Intel(R) Management Engine Components\IPT;C:\Program Files\Intel\WiFi\bin\;C:\Program Files\Common Files\Intel\WirelessCommon\;C:\WINDOWS\System32\OpenSSH\;C:\Program Files\Java\jdk1.8.0_281bin;C:\Program Files\Git\cmd;C:\Users\grist\AppData\Local\Android\Sdk\platform-tools;C:\Users\grist\AppData\Local\Android\Sdk\tools;C:\Program Files\nodejs\;C:\Users\grist\Anaconda3;C:\Users\grist\Anaconda3\Library\mingw-w64\bin;C:\Users\grist\Anaconda3\Library\usr\bin;C:\Users\grist\Anaconda3\Library\bin;C:\Users\grist\Anaconda3\Scripts;C:\Users\grist\AppData\Local\Microsoft\WindowsApps;C:\Program Files\Java\jdk1.8.0_281\bin;C:\src\flutter\bin;C:\Users\grist\AppData\Roaming\npm;C:\Users\grist\AppData\Local\Programs\Microsoft VS Code\bin
USERNAME=grist
OS=Windows_NT
PROCESSOR_IDENTIFIER=Intel64 Family 6 Model 142 Stepping 9, GenuineIntel



---------------  S Y S T E M  ---------------

OS: Windows 10.0 , 64 bit Build 19041 (10.0.19041.804)

CPU:total 4 (initial active 4) (2 cores per cpu, 2 threads per core) family 6 model 142 stepping 9, cmov, cx8, fxsr, mmx, sse, sse2, sse3, ssse3, sse4.1, sse4.2, popcnt, avx, avx2, aes, clmul, erms, 3dnowpref, lzcnt, ht, tsc, tscinvbit, bmi1, bmi2, adx

Memory: 4k page, physical 8300180k(537276k free), swap 12195476k(4136k free)

vm_info: OpenJDK 64-Bit Server VM (25.242-b01) for windows-amd64 JRE (1.8.0_242-release-1644-b01), built by "builder" with MS VC++ 10.0 (VS2010)

time: Wed Mar 31 15:56:21 2021
timezone: 대한민국 표준시
elapsed time: 347 seconds (0d 0h 5m 47s)

